2025-06-18 02:40:35 - Request: Array
(
    [id] => 8
)

2025-06-18 02:42:08 - Request: Array
(
    [id] => 9
)

2025-06-18 03:04:05 - Request: Array
(
    [id] => 6
)

2025-06-18 03:04:13 - Request: Array
(
    [id] => 13
)

2025-06-18 03:04:25 - Request: Array
(
    [id] => 14
)

2025-06-18 03:04:49 - Request: Array
(
    [id] => 13
)

2025-06-18 03:09:55 - Request: Array
(
    [id] => 8
)

2025-06-18 03:11:28 - Request: Array
(
    [id] => 8
)

2025-06-18 03:12:38 - Request: Array
(
    [id] => 7
)

2025-06-18 03:14:49 - Request: Array
(
    [id] => 10
)

2025-06-18 03:20:43 - Request: Array
(
    [id] => 6
)

2025-06-18 03:22:28 - Request: Array
(
    [id] => 7
)

2025-06-18 03:32:06 - Request: Array
(
    [id] => 9
)

2025-06-18 03:34:50 - Request: Array
(
    [id] => 13
)

2025-06-18 03:42:42 - Request: Array
(
    [id] => 13
)

2025-06-18 04:46:03 - Request: Array
(
    [id] => 9
)

2025-06-18 06:09:33 - Request: Array
(
    [id] => 9
)

2025-06-18 06:09:46 - Request: Array
(
    [id] => 9
)

2025-06-18 06:38:44 - Request: Array
(
    [id] => 16
)

2025-06-18 07:08:22 - Request: Array
(
    [id] => 17
)

2025-06-18 09:26:01 - Request: Array
(
    [id] => 8
)

2025-06-18 09:26:13 - Request: Array
(
    [id] => 8
)

2025-06-18 09:28:43 - Request: Array
(
    [id] => 7
)

2025-06-18 09:29:44 - Request: Array
(
    [id] => 8
)

2025-06-18 09:29:48 - Request: Array
(
    [id] => 8
)

2025-06-18 09:30:48 - Request: Array
(
    [id] => 19
)

2025-07-29 17:32:58 - Request: Array
(
    [id] => 9
)

2025-07-29 17:33:09 - Request: Array
(
    [id] => 6
)

2025-07-30 09:37:11 - Request: Array
(
    [id] => undefined
)

2025-07-30 09:37:15 - Request: Array
(
    [id] => 8
)

2025-07-30 09:47:18 - Request: Array
(
    [id] => 8
)

2025-07-30 09:48:59 - Request: Array
(
    [id] => 8
)

2025-07-30 09:49:11 - Request: Array
(
    [id] => 8
)

2025-07-30 09:51:02 - Request: Array
(
    [id] => 8
)

2025-07-30 10:34:14 - Request: Array
(
    [id] => 8
)

2025-07-30 14:54:13 - Request: Array
(
    [id] => 16
)

2025-07-30 14:54:36 - Request: Array
(
    [id] => 16
)

2025-07-30 15:04:50 - Request: Array
(
    [id] => 16
)

2025-07-30 15:08:22 - Request: Array
(
    [id] => 16
)

2025-07-30 16:48:28 - Request: Array
(
    [id] => 15
)

2025-07-30 19:58:14 - Request: Array
(
    [id] => 15
)

2025-07-30 19:58:14 - Request: Array
(
    [id] => 15
)

2025-07-30 19:59:18 - Request: Array
(
    [id] => 6
)

2025-07-30 19:59:18 - Request: Array
(
    [id] => 6
)

2025-07-30 19:59:21 - Request: Array
(
    [id] => 14
)

2025-07-30 19:59:21 - Request: Array
(
    [id] => 14
)

2025-07-30 20:09:17 - Request: Array
(
    [id] => 14
)

2025-07-30 20:09:40 - Request: Array
(
    [id] => 14
)

2025-07-30 20:09:56 - Request: Array
(
    [id] => 14
)

2025-07-30 20:27:59 - Request: Array
(
    [id] => 14
)

2025-07-30 20:29:17 - Request: Array
(
    [id] => 14
)

2025-07-30 20:29:34 - Request: Array
(
    [id] => 14
)

2025-07-30 20:31:20 - Request: Array
(
    [id] => 14
)

2025-07-30 20:32:42 - Request: Array
(
    [id] => 14
)

2025-07-30 20:35:25 - Request: Array
(
    [id] => 15
)

2025-07-30 20:37:23 - Request: Array
(
    [id] => 15
)

2025-07-30 20:38:29 - Request: Array
(
    [id] => 15
)

2025-07-30 20:38:35 - Request: Array
(
    [id] => 15
)

2025-07-30 20:39:04 - Request: Array
(
    [id] => 15
)

2025-07-30 20:39:22 - Request: Array
(
    [id] => 15
)

2025-07-30 20:39:38 - Request: Array
(
    [id] => 15
)

2025-07-30 20:40:19 - Request: Array
(
    [id] => 15
)

2025-07-30 20:40:32 - Request: Array
(
    [id] => 15
)

2025-07-30 20:40:48 - Request: Array
(
    [id] => 15
)

2025-07-30 20:40:54 - Request: Array
(
    [id] => 15
)

2025-07-30 20:40:58 - Request: Array
(
    [id] => 15
)

2025-07-30 20:41:07 - Request: Array
(
    [id] => 15
)

2025-07-30 20:41:18 - Request: Array
(
    [id] => 15
)

2025-07-30 20:41:59 - Request: Array
(
    [id] => 15
)

2025-07-30 20:42:10 - Request: Array
(
    [id] => 15
)

2025-07-30 20:42:49 - Request: Array
(
    [id] => 15
)

2025-07-30 20:43:00 - Request: Array
(
    [id] => 15
)

2025-07-30 20:43:27 - Request: Array
(
    [id] => 15
)

2025-07-30 21:05:43 - Request: Array
(
    [id] => 6
)

2025-07-30 21:06:58 - Request: Array
(
    [id] => 6
)

2025-07-30 21:08:35 - Request: Array
(
    [id] => 6
)

2025-07-30 21:09:26 - Request: Array
(
    [id] => 6
)

2025-07-30 21:09:35 - Request: Array
(
    [id] => 6
)

2025-07-30 21:09:59 - Request: Array
(
    [id] => 6
)

2025-07-30 21:10:26 - Request: Array
(
    [id] => 6
)

2025-07-30 21:10:37 - Request: Array
(
    [id] => 6
)

2025-07-30 21:11:09 - Request: Array
(
    [id] => 6
)

2025-07-30 21:11:29 - Request: Array
(
    [id] => 6
)

2025-07-30 21:16:45 - Request: Array
(
    [id] => 8
)

2025-07-30 21:21:19 - Request: Array
(
    [id] => 8
)

2025-07-30 21:37:37 - Request: Array
(
    [id] => 6
)

2025-07-30 21:46:35 - Request: Array
(
    [id] => 7
)

2025-07-30 21:47:17 - Request: Array
(
    [id] => 7
)

2025-07-30 21:47:39 - Request: Array
(
    [id] => 12
)

2025-07-30 21:50:05 - Request: Array
(
    [id] => 18
)

2025-07-30 21:54:03 - Request: Array
(
    [id] => 18
)

2025-07-30 21:54:28 - Request: Array
(
    [id] => 8
)

2025-07-30 21:57:50 - Request: Array
(
    [id] => 15
)

2025-07-30 21:59:46 - Request: Array
(
    [id] => 16
)

2025-07-30 22:03:45 - Request: Array
(
    [id] => 8
)

2025-07-30 22:09:04 - Request: Array
(
    [id] => 6
)

2025-07-30 22:09:42 - Request: Array
(
    [id] => 8
)

2025-07-30 22:29:06 - Request: Array
(
    [id] => 8
)

2025-07-30 22:29:46 - Request: Array
(
    [id] => 8
)

2025-07-30 22:32:15 - Request: Array
(
    [id] => 8
)

2025-07-30 22:53:15 - Request: Array
(
    [id] => 9
)

2025-07-30 22:59:45 - Request: Array
(
    [id] => 8
)

2025-07-30 23:06:44 - Request: Array
(
    [id] => 15
)

2025-07-30 23:13:51 - Request: Array
(
    [id] => 16
)

2025-07-30 23:18:39 - Request: Array
(
    [id] => 16
)

2025-07-30 23:18:50 - Request: Array
(
    [id] => 16
)

2025-07-30 23:19:04 - Request: Array
(
    [id] => 16
)

2025-07-30 23:23:05 - Request: Array
(
    [id] => 16
)

2025-07-30 23:23:26 - Request: Array
(
    [id] => 16
)

2025-07-30 23:23:34 - Request: Array
(
    [id] => 16
)

2025-07-30 23:24:42 - Request: Array
(
    [id] => 16
)

2025-07-30 23:25:30 - Request: Array
(
    [id] => 16
)

2025-07-30 23:57:12 - Request: Array
(
    [id] => 9
)

2025-07-31 00:24:34 - Request: Array
(
    [id] => 9
)

2025-07-31 01:27:55 - Request: Array
(
    [id] => 8
)

2025-07-31 01:32:30 - Request: Array
(
    [id] => 8
)

2025-07-31 01:33:40 - Request: Array
(
    [id] => 8
)

2025-07-31 01:34:14 - Request: Array
(
    [id] => 8
)

2025-07-31 01:35:07 - Request: Array
(
    [id] => 8
)

2025-07-31 01:36:15 - Request: Array
(
    [id] => 8
)

2025-07-31 15:05:38 - Request: Array
(
    [id] => 8
)

2025-07-31 15:05:49 - Request: Array
(
    [id] => 8
)

2025-07-31 15:23:24 - Request: Array
(
    [id] => 15
)

2025-07-31 15:24:46 - Request: Array
(
    [id] => 15
)

2025-07-31 17:18:15 - Request: Array
(
    [id] => 8
)

2025-07-31 17:40:39 - Request: Array
(
    [id] => 8
)

2025-07-31 18:16:35 - Request: Array
(
    [id] => 13
)

2025-07-31 18:16:54 - Request: Array
(
    [id] => 6
)

2025-07-31 18:17:12 - Request: Array
(
    [id] => 11
)

2025-07-31 18:21:53 - Request: Array
(
    [id] => 9
)

2025-07-31 18:23:56 - Request: Array
(
    [id] => 12
)

2025-07-31 18:39:19 - Request: Array
(
    [id] => 6
)

2025-07-31 18:57:08 - Request: Array
(
    [id] => 9
)

2025-07-31 19:17:54 - Request: Array
(
    [id] => 8
)

2025-07-31 19:22:10 - Request: Array
(
    [id] => 8
)

2025-07-31 19:28:17 - Request: Array
(
    [id] => 13
)

2025-07-31 19:39:31 - Request: Array
(
    [id] => 13
)

2025-07-31 19:40:14 - Request: Array
(
    [id] => 9
)

2025-07-31 23:00:21 - Request: Array
(
    [id] => 6
)

2025-07-31 23:15:43 - Request: Array
(
    [id] => 19
)

2025-07-31 23:21:58 - Request: Array
(
    [id] => 9
)

2025-07-31 23:27:24 - Request: Array
(
    [id] => 7
)

2025-07-31 23:29:29 - Request: Array
(
    [id] => 16
)

2025-08-01 00:08:07 - Request: Array
(
    [id] => undefined
)

2025-08-01 00:08:17 - Request: Array
(
    [id] => 7
)

2025-08-01 00:08:37 - Request: Array
(
    [id] => 6
)

2025-08-01 00:08:46 - Request: Array
(
    [id] => 19
)

2025-08-01 00:18:31 - Request: Array
(
    [id] => 11
)

2025-08-01 00:24:21 - Request: Array
(
    [id] => undefined
)

2025-08-01 00:25:08 - Request: Array
(
    [id] => 6
)

2025-08-01 00:26:44 - Request: Array
(
    [id] => 9
)

2025-08-01 00:28:41 - Request: Array
(
    [id] => 8
)

2025-08-01 00:29:04 - Request: Array
(
    [id] => 8
)

2025-08-01 00:29:09 - Request: Array
(
    [id] => 9
)

2025-08-01 02:35:52 - Request: Array
(
    [id] => 8
)

2025-08-01 02:38:31 - Request: Array
(
    [id] => undefined
)

2025-08-01 02:38:38 - Request: Array
(
    [id] => undefined
)

